<?xml version="1.0" encoding="UTF-8"?>
<!-- Generated by org.testng.reporters.JUnitReportReporter -->
<testsuite hostname="DESKTOP-LQQ0QHQ" failures="0" tests="1" name="day1.absTest" time="8.499" errors="0" timestamp="2023-05-13T18:19:49 IST" skipped="0">
  <testcase classname="day1.absTest" name="geekforgeeks" time="8.499"/>
  <system-out/>
</testsuite> <!-- day1.absTest -->
