<?xml version="1.0" encoding="UTF-8"?>
<!-- Generated by org.testng.reporters.JUnitReportReporter -->
<testsuite hostname="DESKTOP-LQQ0QHQ" failures="0" tests="2" name="day2.HTTPRequests" time="7.236" errors="0" timestamp="2023-05-05T16:13:34 IST" skipped="0">
  <testcase classname="day2.HTTPRequests" name="getUser3" time="6.982"/>
  <system-out/>
  <testcase classname="day2.HTTPRequests" name="getUser2" time="0.254"/>
  <system-out/>
</testsuite> <!-- day2.HTTPRequests -->
