<?xml version="1.0" encoding="UTF-8"?>
<!-- Generated by org.testng.reporters.JUnitReportReporter -->
<testsuite hostname="DESKTOP-PQE36GM" failures="0" tests="1" name="day1.twq" time="14.533" errors="0" timestamp="2023-08-16T10:09:37 IST" skipped="0">
  <testcase classname="day1.twq" name="mousehover" time="14.533"/>
  <system-out/>
</testsuite> <!-- day1.twq -->
