<?xml version="1.0" encoding="UTF-8"?>
<!-- Generated by org.testng.reporters.JUnitReportReporter -->
<testsuite hostname="DESKTOP-LQQ0QHQ" failures="0" tests="1" name="day1.twq" time="36.490" errors="0" timestamp="2023-05-05T16:08:16 IST" skipped="0">
  <testcase classname="day1.twq" name="test1" time="36.490"/>
  <system-out/>
</testsuite> <!-- day1.twq -->
