<?xml version="1.0" encoding="UTF-8"?>
<!-- Generated by org.testng.reporters.JUnitReportReporter -->
<testsuite hostname="DESKTOP-LQQ0QHQ" failures="0" tests="1" name="day7.Authentications" time="6.242" errors="0" timestamp="2023-05-23T13:17:43 IST" skipped="0">
  <testcase classname="day7.Authentications" name="testAPIKeyAuthentication" time="6.242"/>
  <system-out/>
</testsuite> <!-- day7.Authentications -->
